<?xml version="1.0" encoding="UTF-8"?>
<!-- Generated by org.testng.reporters.JUnitXMLReporter -->
<testsuite ignored="0" hostname="DESKTOP-QPP5UC3" failures="1" tests="3" name="Test" time="40.083" errors="0" timestamp="2023-12-30T11:07:42 IST">
  <testcase classname="TestPackage.Login" name="loginTest" time="7.728"/>
  <testcase classname="TestPackage.Login" name="loginTest" time="15.622"/>
  <testcase classname="TestPackage.Login" name="loginTest" time="15.086">
    <failure type="java.lang.AssertionError" message="expected [true] but found [false]">
      <![CDATA[java.lang.AssertionError: expected [true] but found [false]
at TestPackage.Login.loginTest(Login.java:64)
at java.base/java.util.ArrayList.forEach(ArrayList.java:1511)
... Removed 33 stack frames]]>
    </failure>
  </testcase> <!-- loginTest -->
</testsuite> <!-- Test -->
